1 40061e -1 -1 -1 R T -       -96            0       400620       4005c0 J        JMP_IMM
1 4005c0 -1  1 44 - - L         0       482204       4005c3            0 MOVSX    LOAD
2 4005c0 44 -1  2 - - -         0            0       4005c3            0 MOVSX    SEXT_DWORD_TO_QWORD
1 4005c3  7  2  6 - - -         0            0       4005c6            0 LEA      LEA
1 4005c6  6 -1  6 - - -         0            0       4005c9            0 MOVSX    SEXT_DWORD_TO_QWORD
1 4005c9  6 -1  6 - - L   7279616       6f159c       4005d0            0 MOV      LOAD
1 4005d0  6 -1 44 W - -         1            0       4005d3            0 CMP      SUB_IMM
1 4005d3 -1 -1 -1 R N -         7            0       4005d5       4005dc J        JMP_IMM
1 4005d5  6 -1 44 W - -         5            0       4005d8            0 CMP      SUB_IMM
1 4005d8 -1 -1 -1 R T -         8            0       4005da       4005e2 J        JMP_IMM
1 4005e2  2 -1  8 - - -         0            0       4005e5            0 MOV      ADD
1 4005e5  8  7  8 - - -         0            0       4005e9            0 LEA      LEA
1 4005e9  8 -1  8 - - -         0            0       4005ec            0 MOVSX    SEXT_DWORD_TO_QWORD
1 4005ec  8 -1  8 - - -   7279616            0       4005f4            0 LEA      LEA
1 4005f4  2 -1  2 W - -         2            0       4005f8            0 SHL      SHL_IMM
1 4005f8 -1 -1 -1 - T -        12            0       4005fa       400606 JMP      JMP_IMM
1 400606  6 -1 44 W - -         9            0       400609            0 CMP      SUB_IMM
1 400609 -1 -1 -1 R N -       -96            0       40060b       4005ab J        JMP_IMM
1 40060b  6 -1 44 W - -        11            0       40060e            0 CMP      SUB_IMM
1 40060e -1 -1 -1 R N -      -101            0       400610       4005ab J        JMP_IMM
1 400610  6 -1 44 W - -        13            0       400613            0 CMP      SUB_IMM
1 400613 -1 -1 -1 R N -       -21            0       400615       400600 J        JMP_IMM
1 400615  1 -1  1 W - -         4            0       400619            0 ADD      ADD_IMM
1 400619  0 -1  0 - - -         1            0       40061b            0 INC      ADD_IMM
1 40061b  0 -1 44 W - -         4            0       40061e            0 CMP      SUB_IMM
1 40061e -1 -1 -1 R T -       -96            0       400620       4005c0 J        JMP_IMM
1 4005c0 -1  1 44 - - L         0       482208       4005c3            0 MOVSX    LOAD
2 4005c0 44 -1  2 - - -         0            0       4005c3            0 MOVSX    SEXT_DWORD_TO_QWORD
1 4005c3  7  2  6 - - -         0            0       4005c6            0 LEA      LEA
1 4005c6  6 -1  6 - - -         0            0       4005c9            0 MOVSX    SEXT_DWORD_TO_QWORD
1 4005c9  6 -1  6 - - L   7279616       6f15fc       4005d0            0 MOV      LOAD
1 4005d0  6 -1 44 W - -         1            0       4005d3            0 CMP      SUB_IMM
1 4005d3 -1 -1 -1 R N -         7            0       4005d5       4005dc J        JMP_IMM
1 4005d5  6 -1 44 W - -         5            0       4005d8            0 CMP      SUB_IMM
1 4005d8 -1 -1 -1 R T -         8            0       4005da       4005e2 J        JMP_IMM
1 4005e2  2 -1  8 - - -         0            0       4005e5            0 MOV      ADD
1 4005e5  8  7  8 - - -         0            0       4005e9            0 LEA      LEA
1 4005e9  8 -1  8 - - -         0            0       4005ec            0 MOVSX    SEXT_DWORD_TO_QWORD
1 4005ec  8 -1  8 - - -   7279616            0       4005f4            0 LEA      LEA
1 4005f4  2 -1  2 W - -         2            0       4005f8            0 SHL      SHL_IMM
1 4005f8 -1 -1 -1 - T -        12            0       4005fa       400606 JMP      JMP_IMM
1 400606  6 -1 44 W - -         9            0       400609            0 CMP      SUB_IMM
1 400609 -1 -1 -1 R N -       -96            0       40060b       4005ab J        JMP_IMM
1 40060b  6 -1 44 W - -        11            0       40060e            0 CMP      SUB_IMM
1 40060e -1 -1 -1 R N -      -101            0       400610       4005ab J        JMP_IMM
1 400610  6 -1 44 W - -        13            0       400613            0 CMP      SUB_IMM
1 400613 -1 -1 -1 R N -       -21            0       400615       400600 J        JMP_IMM
1 400615  1 -1  1 W - -         4            0       400619            0 ADD      ADD_IMM
1 400619  0 -1  0 - - -         1            0       40061b            0 INC      ADD_IMM
1 40061b  0 -1 44 W - -         4            0       40061e            0 CMP      SUB_IMM
1 40061e -1 -1 -1 R T -       -96            0       400620       4005c0 J        JMP_IMM
1 4005c0 -1  1 44 - - L         0       48220c       4005c3            0 MOVSX    LOAD
2 4005c0 44 -1  2 - - -         0            0       4005c3            0 MOVSX    SEXT_DWORD_TO_QWORD
1 4005c3  7  2  6 - - -         0            0       4005c6            0 LEA      LEA
1 4005c6  6 -1  6 - - -         0            0       4005c9            0 MOVSX    SEXT_DWORD_TO_QWORD
1 4005c9  6 -1  6 - - L   7279616       6f1594       4005d0            0 MOV      LOAD
1 4005d0  6 -1 44 W - -         1            0       4005d3            0 CMP      SUB_IMM
1 4005d3 -1 -1 -1 R N -         7            0       4005d5       4005dc J        JMP_IMM
1 4005d5  6 -1 44 W - -         5            0       4005d8            0 CMP      SUB_IMM
1 4005d8 -1 -1 -1 R T -         8            0       4005da       4005e2 J        JMP_IMM
1 4005e2  2 -1  8 - - -         0            0       4005e5            0 MOV      ADD
1 4005e5  8  7  8 - - -         0            0       4005e9            0 LEA      LEA
1 4005e9  8 -1  8 - - -         0            0       4005ec            0 MOVSX    SEXT_DWORD_TO_QWORD
1 4005ec  8 -1  8 - - -   7279616            0       4005f4            0 LEA      LEA
1 4005f4  2 -1  2 W - -         2            0       4005f8            0 SHL      SHL_IMM
1 4005f8 -1 -1 -1 - T -        12            0       4005fa       400606 JMP      JMP_IMM
1 400606  6 -1 44 W - -         9            0       400609            0 CMP      SUB_IMM
1 400609 -1 -1 -1 R N -       -96            0       40060b       4005ab J        JMP_IMM
1 40060b  6 -1 44 W - -        11            0       40060e            0 CMP      SUB_IMM
1 40060e -1 -1 -1 R N -      -101            0       400610       4005ab J        JMP_IMM
1 400610  6 -1 44 W - -        13            0       400613            0 CMP      SUB_IMM
1 400613 -1 -1 -1 R N -       -21            0       400615       400600 J        JMP_IMM
1 400615  1 -1  1 W - -         4            0       400619            0 ADD      ADD_IMM
1 400619  0 -1  0 - - -         1            0       40061b            0 INC      ADD_IMM
1 40061b  0 -1 44 W - -         4            0       40061e            0 CMP      SUB_IMM
1 40061e -1 -1 -1 R N -       -96            0       400620       4005c0 J        JMP_IMM
1 400620 -1 -1  0 - - -         0            0       400622            0 XOR      ADD
1 400622 -1 -1  1 - - -   4709760            0       400627            0 MOV      ADD_IMM
1 400627 -1 -1 -1 - T -        34            0       400629       40064b JMP      JMP_IMM
1 40064b  0 -1 44 W - -         8            0       40064e            0 CMP      SUB_IMM
1 40064e -1 -1 -1 R T -       -32            0       400650       400630 J        JMP_IMM
1 400630  7 -1  2 - - -         0            0       400632            0 MOV      ADD
1 400632 -1  1 44 - - L         0       47dd80       400634            0 ADD      LOAD
2 400632  2 44  2 W - -         0            0       400634            0 ADD      ADD
1 400634  2 -1  2 - - -         0            0       400637            0 MOVSX    SEXT_DWORD_TO_QWORD
1 400637  2 -1 45 - - L   7279616       6f15f0       40063f            0 CMP      LOAD
2 400637 45 -1 44 W - -         3            0       40063f            0 CMP      SUB_IMM
1 40063f -1 -1 -1 R N -      -154            0       400645       4005ab J        JMP_IMM
1 400645  1 -1  1 W - -         4            0       400649            0 ADD      ADD_IMM
1 400649  0 -1  0 - - -         1            0       40064b            0 INC      ADD_IMM
1 40064b  0 -1 44 W - -         8            0       40064e            0 CMP      SUB_IMM
1 40064e -1 -1 -1 R T -       -32            0       400650       400630 J        JMP_IMM
1 400630  7 -1  2 - - -         0            0       400632            0 MOV      ADD
1 400632 -1  1 44 - - L         0       47dd84       400634            0 ADD      LOAD
2 400632  2 44  2 W - -         0            0       400634            0 ADD      ADD
1 400634  2 -1  2 - - -         0            0       400637            0 MOVSX    SEXT_DWORD_TO_QWORD
1 400637  2 -1 45 - - L   7279616       6f15a0       40063f            0 CMP      LOAD
2 400637 45 -1 44 W - -         3            0       40063f            0 CMP      SUB_IMM
1 40063f -1 -1 -1 R N -      -154            0       400645       4005ab J        JMP_IMM
1 400645  1 -1  1 W - -         4            0       400649            0 ADD      ADD_IMM
1 400649  0 -1  0 - - -         1            0       40064b            0 INC      ADD_IMM
1 40064b  0 -1 44 W - -         8            0       40064e            0 CMP      SUB_IMM
1 40064e -1 -1 -1 R T -       -32            0       400650       400630 J        JMP_IMM
1 400630  7 -1  2 - - -         0            0       400632            0 MOV      ADD
1 400632 -1  1 44 - - L         0       47dd88       400634            0 ADD      LOAD
2 400632  2 44  2 W - -         0            0       400634            0 ADD      ADD
1 400634  2 -1  2 - - -         0            0       400637            0 MOVSX    SEXT_DWORD_TO_QWORD
1 400637  2 -1 45 - - L   7279616       6f1600       40063f            0 CMP      LOAD
2 400637 45 -1 44 W - -         3            0       40063f            0 CMP      SUB_IMM
1 40063f -1 -1 -1 R N -      -154            0       400645       4005ab J        JMP_IMM
1 400645  1 -1  1 W - -         4            0       400649            0 ADD      ADD_IMM
1 400649  0 -1  0 - - -         1            0       40064b            0 INC      ADD_IMM
1 40064b  0 -1 44 W - -         8            0       40064e            0 CMP      SUB_IMM
1 40064e -1 -1 -1 R T -       -32            0       400650       400630 J        JMP_IMM
1 400630  7 -1  2 - - -         0            0       400632            0 MOV      ADD
1 400632 -1  1 44 - - L         0       47dd8c       400634            0 ADD      LOAD
2 400632  2 44  2 W - -         0            0       400634            0 ADD      ADD
1 400634  2 -1  2 - - -         0            0       400637            0 MOVSX    SEXT_DWORD_TO_QWORD
1 400637  2 -1 45 - - L   7279616       6f1590       40063f            0 CMP      LOAD
2 400637 45 -1 44 W - -         3            0       40063f            0 CMP      SUB_IMM
1 40063f -1 -1 -1 R N -      -154            0       400645       4005ab J        JMP_IMM
1 400645  1 -1  1 W - -         4            0       400649            0 ADD      ADD_IMM
1 400649  0 -1  0 - - -         1            0       40064b            0 INC      ADD_IMM
1 40064b  0 -1 44 W - -         8            0       40064e            0 CMP      SUB_IMM
1 40064e -1 -1 -1 R T -       -32            0       400650       400630 J        JMP_IMM
1 400630  7 -1  2 - - -         0            0       400632            0 MOV      ADD
1 400632 -1  1 44 - - L         0       47dd90       400634            0 ADD      LOAD
2 400632  2 44  2 W - -         0            0       400634            0 ADD      ADD
1 400634  2 -1  2 - - -         0            0       400637            0 MOVSX    SEXT_DWORD_TO_QWORD
1 400637  2 -1 45 - - L   7279616       6f1624       40063f            0 CMP      LOAD
2 400637 45 -1 44 W - -         3            0       40063f            0 CMP      SUB_IMM
1 40063f -1 -1 -1 R N -      -154            0       400645       4005ab J        JMP_IMM
1 400645  1 -1  1 W - -         4            0       400649            0 ADD      ADD_IMM
1 400649  0 -1  0 - - -         1            0       40064b            0 INC      ADD_IMM
1 40064b  0 -1 44 W - -         8            0       40064e            0 CMP      SUB_IMM
1 40064e -1 -1 -1 R T -       -32            0       400650       400630 J        JMP_IMM
1 400630  7 -1  2 - - -         0            0       400632            0 MOV      ADD
1 400632 -1  1 44 - - L         0       47dd94       400634            0 ADD      LOAD
2 400632  2 44  2 W - -         0            0       400634            0 ADD      ADD
1 400634  2 -1  2 - - -         0            0       400637            0 MOVSX    SEXT_DWORD_TO_QWORD
1 400637  2 -1 45 - - L   7279616       6f156c       40063f            0 CMP      LOAD
2 400637 45 -1 44 W - -         3            0       40063f            0 CMP      SUB_IMM
1 40063f -1 -1 -1 R N -      -154            0       400645       4005ab J        JMP_IMM
1 400645  1 -1  1 W - -         4            0       400649            0 ADD      ADD_IMM
1 400649  0 -1  0 - - -         1            0       40064b            0 INC      ADD_IMM
1 40064b  0 -1 44 W - -         8            0       40064e            0 CMP      SUB_IMM
1 40064e -1 -1 -1 R T -       -32            0       400650       400630 J        JMP_IMM
1 400630  7 -1  2 - - -         0            0       400632            0 MOV      ADD
1 400632 -1  1 44 - - L         0       47dd98       400634            0 ADD      LOAD
2 400632  2 44  2 W - -         0            0       400634            0 ADD      ADD
1 400634  2 -1  2 - - -         0            0       400637            0 MOVSX    SEXT_DWORD_TO_QWORD
1 400637  2 -1 45 - - L   7279616       6f162c       40063f            0 CMP      LOAD
2 400637 45 -1 44 W - -         3            0       40063f            0 CMP      SUB_IMM
1 40063f -1 -1 -1 R N -      -154            0       400645       4005ab J        JMP_IMM
1 400645  1 -1  1 W - -         4            0       400649            0 ADD      ADD_IMM
1 400649  0 -1  0 - - -         1            0       40064b            0 INC      ADD_IMM
1 40064b  0 -1 44 W - -         8            0       40064e            0 CMP      SUB_IMM
1 40064e -1 -1 -1 R T -       -32            0       400650       400630 J        JMP_IMM
1 400630  7 -1  2 - - -         0            0       400632            0 MOV      ADD
1 400632 -1  1 44 - - L         0       47dd9c       400634            0 ADD      LOAD
2 400632  2 44  2 W - -         0            0       400634            0 ADD      ADD
1 400634  2 -1  2 - - -         0            0       400637            0 MOVSX    SEXT_DWORD_TO_QWORD
1 400637  2 -1 45 - - L   7279616       6f1564       40063f            0 CMP      LOAD
2 400637 45 -1 44 W - -         3            0       40063f            0 CMP      SUB_IMM
1 40063f -1 -1 -1 R N -      -154            0       400645       4005ab J        JMP_IMM
1 400645  1 -1  1 W - -         4            0       400649            0 ADD      ADD_IMM
1 400649  0 -1  0 - - -         1            0       40064b            0 INC      ADD_IMM
1 40064b  0 -1 44 W - -         8            0       40064e            0 CMP      SUB_IMM
1 40064e -1 -1 -1 R N -       -32            0       400650       400630 J        JMP_IMM
1 400650 -1 -1  0 - - -         0            0       400652            0 XOR      ADD
1 400652 -1 -1  1 - - -   4727280            0       400657            0 MOV      ADD_IMM
1 400657 -1 -1 -1 - T -       106            0       400659       4006c3 JMP      JMP_IMM
1 4006c3  0 -1 44 W - -         4            0       4006c6            0 CMP      SUB_IMM
1 4006c6 -1 -1 -1 R T -      -104            0       4006c8       400660 J        JMP_IMM
1 400660 -1  1 44 - - L         0       4821f0       400663            0 MOVSX    LOAD
2 400660 44 -1  2 - - -         0            0       400663            0 MOVSX    SEXT_DWORD_TO_QWORD
1 400663  7  2  6 - - -         0            0       400666            0 LEA      LEA
1 400666  6 -1  6 - - -         0            0       400669            0 MOVSX    SEXT_DWORD_TO_QWORD
1 400669  6 -1  6 - - L   7279616       6f15f8       400670            0 MOV      LOAD
1 400670  6 -1 44 W - -         5            0       400673            0 CMP      SUB_IMM
1 400673 -1 -1 -1 R N -      -206            0       400679       4005ab J        JMP_IMM
1 400679  2 -1  8 - - -         0            0       40067c            0 MOV      ADD
1 40067c  8  7  8 - - -         0            0       400680            0 LEA      LEA
1 400680  8 -1  8 - - -         0            0       400683            0 MOVSX    SEXT_DWORD_TO_QWORD
1 400683  8 -1  8 - - -   7279616            0       40068b            0 LEA      LEA
1 40068b  2 -1  2 W - -         2            0       40068f            0 SHL      SHL_IMM
1 40068f -1 -1 -1 - T -        21            0       400691       4006a6 JMP      JMP_IMM
1 4006a6  6 -1 44 W - -         7            0       4006a9            0 CMP      SUB_IMM
1 4006a9 -1 -1 -1 R N -      -260            0       4006af       4005ab J        JMP_IMM
1 4006af  6 -1 44 W - -         9            0       4006b2            0 CMP      SUB_IMM
1 4006b2 -1 -1 -1 R N -      -269            0       4006b8       4005ab J        JMP_IMM
1 4006b8  6 -1 44 W - -        13            0       4006bb            0 CMP      SUB_IMM
1 4006bb -1 -1 -1 R N -       -29            0       4006bd       4006a0 J        JMP_IMM
1 4006bd  1 -1  1 W - -         4            0       4006c1            0 ADD      ADD_IMM
1 4006c1  0 -1  0 - - -         1            0       4006c3            0 INC      ADD_IMM
1 4006c3  0 -1 44 W - -         4            0       4006c6            0 CMP      SUB_IMM
1 4006c6 -1 -1 -1 R T -      -104            0       4006c8       400660 J        JMP_IMM
1 400660 -1  1 44 - - L         0       4821f4       400663            0 MOVSX    LOAD
2 400660 44 -1  2 - - -         0            0       400663            0 MOVSX    SEXT_DWORD_TO_QWORD
1 400663  7  2  6 - - -         0            0       400666            0 LEA      LEA
1 400666  6 -1  6 - - -         0            0       400669            0 MOVSX    SEXT_DWORD_TO_QWORD
1 400669  6 -1  6 - - L   7279616       6f1598       400670            0 MOV      LOAD
1 400670  6 -1 44 W - -         5            0       400673            0 CMP      SUB_IMM
1 400673 -1 -1 -1 R N -      -206            0       400679       4005ab J        JMP_IMM
1 400679  2 -1  8 - - -         0            0       40067c            0 MOV      ADD
1 40067c  8  7  8 - - -         0            0       400680            0 LEA      LEA
1 400680  8 -1  8 - - -         0            0       400683            0 MOVSX    SEXT_DWORD_TO_QWORD
1 400683  8 -1  8 - - -   7279616            0       40068b            0 LEA      LEA
1 40068b  2 -1  2 W - -         2            0       40068f            0 SHL      SHL_IMM
1 40068f -1 -1 -1 - T -        21            0       400691       4006a6 JMP      JMP_IMM
1 4006a6  6 -1 44 W - -         7            0       4006a9            0 CMP      SUB_IMM
1 4006a9 -1 -1 -1 R N -      -260            0       4006af       4005ab J        JMP_IMM
1 4006af  6 -1 44 W - -         9            0       4006b2            0 CMP      SUB_IMM
1 4006b2 -1 -1 -1 R N -      -269            0       4006b8       4005ab J        JMP_IMM
1 4006b8  6 -1 44 W - -        13            0       4006bb            0 CMP      SUB_IMM
1 4006bb -1 -1 -1 R T -       -29            0       4006bd       4006a0 J        JMP_IMM
1 4006a0 -1  8  6 - - L         0       6f1568       4006a3            0 MOV      LOAD
1 4006a3  8  2  8 W - -         0            0       4006a6            0 ADD      ADD
1 4006a6  6 -1 44 W - -         7            0       4006a9            0 CMP      SUB_IMM
1 4006a9 -1 -1 -1 R N -      -260            0       4006af       4005ab J        JMP_IMM
1 4006af  6 -1 44 W - -         9            0       4006b2            0 CMP      SUB_IMM
1 4006b2 -1 -1 -1 R N -      -269            0       4006b8       4005ab J        JMP_IMM
1 4006b8  6 -1 44 W - -        13            0       4006bb            0 CMP      SUB_IMM
1 4006bb -1 -1 -1 R T -       -29            0       4006bd       4006a0 J        JMP_IMM
1 4006a0 -1  8  6 - - L         0       6f1538       4006a3            0 MOV      LOAD
1 4006a3  8  2  8 W - -         0            0       4006a6            0 ADD      ADD
1 4006a6  6 -1 44 W - -         7            0       4006a9            0 CMP      SUB_IMM
1 4006a9 -1 -1 -1 R N -      -260            0       4006af       4005ab J        JMP_IMM
1 4006af  6 -1 44 W - -         9            0       4006b2            0 CMP      SUB_IMM
1 4006b2 -1 -1 -1 R N -      -269            0       4006b8       4005ab J        JMP_IMM
1 4006b8  6 -1 44 W - -        13            0       4006bb            0 CMP      SUB_IMM
1 4006bb -1 -1 -1 R N -       -29            0       4006bd       4006a0 J        JMP_IMM
1 4006bd  1 -1  1 W - -         4            0       4006c1            0 ADD      ADD_IMM
1 4006c1  0 -1  0 - - -         1            0       4006c3            0 INC      ADD_IMM
1 4006c3  0 -1 44 W - -         4            0       4006c6            0 CMP      SUB_IMM
1 4006c6 -1 -1 -1 R T -      -104            0       4006c8       400660 J        JMP_IMM
1 400660 -1  1 44 - - L         0       4821f8       400663            0 MOVSX    LOAD
2 400660 44 -1  2 - - -         0            0       400663            0 MOVSX    SEXT_DWORD_TO_QWORD
1 400663  7  2  6 - - -         0            0       400666            0 LEA      LEA
1 400666  6 -1  6 - - -         0            0       400669            0 MOVSX    SEXT_DWORD_TO_QWORD
1 400669  6 -1  6 - - L   7279616       6f15cc       400670            0 MOV      LOAD
1 400670  6 -1 44 W - -         5            0       400673            0 CMP      SUB_IMM
1 400673 -1 -1 -1 R N -      -206            0       400679       4005ab J        JMP_IMM
1 400679  2 -1  8 - - -         0            0       40067c            0 MOV      ADD
1 40067c  8  7  8 - - -         0            0       400680            0 LEA      LEA
1 400680  8 -1  8 - - -         0            0       400683            0 MOVSX    SEXT_DWORD_TO_QWORD
1 400683  8 -1  8 - - -   7279616            0       40068b            0 LEA      LEA
1 40068b  2 -1  2 W - -         2            0       40068f            0 SHL      SHL_IMM
1 40068f -1 -1 -1 - T -        21            0       400691       4006a6 JMP      JMP_IMM
1 4006a6  6 -1 44 W - -         7            0       4006a9            0 CMP      SUB_IMM
1 4006a9 -1 -1 -1 R N -      -260            0       4006af       4005ab J        JMP_IMM
1 4006af  6 -1 44 W - -         9            0       4006b2            0 CMP      SUB_IMM
1 4006b2 -1 -1 -1 R N -      -269            0       4006b8       4005ab J        JMP_IMM
1 4006b8  6 -1 44 W - -        13            0       4006bb            0 CMP      SUB_IMM
1 4006bb -1 -1 -1 R T -       -29            0       4006bd       4006a0 J        JMP_IMM
1 4006a0 -1  8  6 - - L         0       6f15d0       4006a3            0 MOV      LOAD
1 4006a3  8  2  8 W - -         0            0       4006a6            0 ADD      ADD
1 4006a6  6 -1 44 W - -         7            0       4006a9            0 CMP      SUB_IMM
1 4006a9 -1 -1 -1 R N -      -260            0       4006af       4005ab J        JMP_IMM
1 4006af  6 -1 44 W - -         9            0       4006b2            0 CMP      SUB_IMM
1 4006b2 -1 -1 -1 R N -      -269            0       4006b8       4005ab J        JMP_IMM
1 4006b8  6 -1 44 W - -        13            0       4006bb            0 CMP      SUB_IMM
1 4006bb -1 -1 -1 R T -       -29            0       4006bd       4006a0 J        JMP_IMM
1 4006a0 -1  8  6 - - L         0       6f15d4       4006a3            0 MOV      LOAD
1 4006a3  8  2  8 W - -         0            0       4006a6            0 ADD      ADD
1 4006a6  6 -1 44 W - -         7            0       4006a9            0 CMP      SUB_IMM
1 4006a9 -1 -1 -1 R N -      -260            0       4006af       4005ab J        JMP_IMM
1 4006af  6 -1 44 W - -         9            0       4006b2            0 CMP      SUB_IMM
1 4006b2 -1 -1 -1 R N -      -269            0       4006b8       4005ab J        JMP_IMM
1 4006b8  6 -1 44 W - -        13            0       4006bb            0 CMP      SUB_IMM
1 4006bb -1 -1 -1 R N -       -29            0       4006bd       4006a0 J        JMP_IMM
1 4006bd  1 -1  1 W - -         4            0       4006c1            0 ADD      ADD_IMM
1 4006c1  0 -1  0 - - -         1            0       4006c3            0 INC      ADD_IMM
1 4006c3  0 -1 44 W - -         4            0       4006c6            0 CMP      SUB_IMM
1 4006c6 -1 -1 -1 R T -      -104            0       4006c8       400660 J        JMP_IMM
1 400660 -1  1 44 - - L         0       4821fc       400663            0 MOVSX    LOAD
2 400660 44 -1  2 - - -         0            0       400663            0 MOVSX    SEXT_DWORD_TO_QWORD
1 400663  7  2  6 - - -         0            0       400666            0 LEA      LEA
1 400666  6 -1  6 - - -         0            0       400669            0 MOVSX    SEXT_DWORD_TO_QWORD
1 400669  6 -1  6 - - L   7279616       6f15c4       400670            0 MOV      LOAD
1 400670  6 -1 44 W - -         5            0       400673            0 CMP      SUB_IMM
1 400673 -1 -1 -1 R N -      -206            0       400679       4005ab J        JMP_IMM
1 400679  2 -1  8 - - -         0            0       40067c            0 MOV      ADD
1 40067c  8  7  8 - - -         0            0       400680            0 LEA      LEA
1 400680  8 -1  8 - - -         0            0       400683            0 MOVSX    SEXT_DWORD_TO_QWORD
1 400683  8 -1  8 - - -   7279616            0       40068b            0 LEA      LEA
1 40068b  2 -1  2 W - -         2            0       40068f            0 SHL      SHL_IMM
1 40068f -1 -1 -1 - T -        21            0       400691       4006a6 JMP      JMP_IMM
1 4006a6  6 -1 44 W - -         7            0       4006a9            0 CMP      SUB_IMM
1 4006a9 -1 -1 -1 R N -      -260            0       4006af       4005ab J        JMP_IMM
1 4006af  6 -1 44 W - -         9            0       4006b2            0 CMP      SUB_IMM
1 4006b2 -1 -1 -1 R N -      -269            0       4006b8       4005ab J        JMP_IMM
1 4006b8  6 -1 44 W - -        13            0       4006bb            0 CMP      SUB_IMM
1 4006bb -1 -1 -1 R T -       -29            0       4006bd       4006a0 J        JMP_IMM
1 4006a0 -1  8  6 - - L         0       6f15c0       4006a3            0 MOV      LOAD
1 4006a3  8  2  8 W - -         0            0       4006a6            0 ADD      ADD
1 4006a6  6 -1 44 W - -         7            0       4006a9            0 CMP      SUB_IMM
1 4006a9 -1 -1 -1 R N -      -260            0       4006af       4005ab J        JMP_IMM
1 4006af  6 -1 44 W - -         9            0       4006b2            0 CMP      SUB_IMM
1 4006b2 -1 -1 -1 R N -      -269            0       4006b8       4005ab J        JMP_IMM
1 4006b8  6 -1 44 W - -        13            0       4006bb            0 CMP      SUB_IMM
1 4006bb -1 -1 -1 R T -       -29            0       4006bd       4006a0 J        JMP_IMM
1 4006a0 -1  8  6 - - L         0       6f15bc       4006a3            0 MOV      LOAD
1 4006a3  8  2  8 W - -         0            0       4006a6            0 ADD      ADD
1 4006a6  6 -1 44 W - -         7            0       4006a9            0 CMP      SUB_IMM
1 4006a9 -1 -1 -1 R N -      -260            0       4006af       4005ab J        JMP_IMM
1 4006af  6 -1 44 W - -         9            0       4006b2            0 CMP      SUB_IMM
1 4006b2 -1 -1 -1 R N -      -269            0       4006b8       4005ab J        JMP_IMM
1 4006b8  6 -1 44 W - -        13            0       4006bb            0 CMP      SUB_IMM
1 4006bb -1 -1 -1 R T -       -29            0       4006bd       4006a0 J        JMP_IMM
1 4006a0 -1  8  6 - - L         0       6f15b8       4006a3            0 MOV      LOAD
1 4006a3  8  2  8 W - -         0            0       4006a6            0 ADD      ADD
1 4006a6  6 -1 44 W - -         7            0       4006a9            0 CMP      SUB_IMM
1 4006a9 -1 -1 -1 R N -      -260            0       4006af       4005ab J        JMP_IMM
1 4006af  6 -1 44 W - -         9            0       4006b2            0 CMP      SUB_IMM
1 4006b2 -1 -1 -1 R N -      -269            0       4006b8       4005ab J        JMP_IMM
1 4006b8  6 -1 44 W - -        13            0       4006bb            0 CMP      SUB_IMM
1 4006bb -1 -1 -1 R N -       -29            0       4006bd       4006a0 J        JMP_IMM
1 4006bd  1 -1  1 W - -         4            0       4006c1            0 ADD      ADD_IMM
1 4006c1  0 -1  0 - - -         1            0       4006c3            0 INC      ADD_IMM
1 4006c3  0 -1 44 W - -         4            0       4006c6            0 CMP      SUB_IMM
1 4006c6 -1 -1 -1 R N -      -104            0       4006c8       400660 J        JMP_IMM
1 4006c8 -1 -1  0 - - -         0            0       4006ca            0 XOR      ADD
1 4006ca -1  4 44 - - L         0  7fffe7c9998       4006cb            0 RET      LOAD
2 4006ca  4 -1  4 - - -         8            0       4006cb            0 RET      ADD_IMM
3 4006ca 44 -1 -1 - T -         0            0       4006cb       403697 RET      JMP_REG
1 403697  0  0 44 W - -         0            0       403699            0 TEST     AND
1 403699 -1 -1  0 - - -         0            0       40369c            0 SET      ADD
2 403699 -1 -1  0 R - -         1            0       40369c            0 SET      ADD_IMM
1 40369c  0 -1  0 - - -         0            0       40369f            0 MOVZX    ZEXT_BYTE_TO_DWORD
1 40369f  4 -1  4 W - -         8            0       4036a3            0 ADD      ADD_IMM
1 4036a3 -1  4 44 - - L         0  7fffe7c99a8       4036a4            0 RET      LOAD
2 4036a3  4 -1  4 - - -         8            0       4036a4            0 RET      ADD_IMM
3 4036a3 44 -1 -1 - T -         0            0       4036a4       40bb04 RET      JMP_REG
1 40bb04  0  0 44 W - -         0            0       40bb06            0 TEST     AND
1 40bb06 -1 -1 -1 R N -       496            0       40bb0c       40bcfc J        JMP_IMM
1 40bb0c -1  4  0 - - -      4184            0       40bb14            0 LEA      LEA
1 40bb14  0 -1  7 - - -         0            0       40bb17            0 MOV      ADD
1 40bb17 13 -1  6 - - -         0            0       40bb1a            0 MOV      ADD
1 40bb1a -1 -1 44 - - -         0            0       40bb1f            0 CALL     SAVE_PC
2 40bb1a  4 -1  4 - - -         8            0       40bb1f            0 CALL     SUB_IMM
3 40bb1a 44  4 -1 - - S         0  7fffe7c99a8       40bb1f            0 CALL     STORE
4 40bb1a -1 -1 -1 - T -    -26975            0       40bb1f       4051c0 CALL     JMP_IMM
1 4051c0  4 -1  4 W - -         8            0       4051c4            0 SUB      SUB_IMM
1 4051c4 -1 -1 45 - - -   3056661            0       4051cb            0 CMP      SAVE_PC
2 4051c4 -1 45 45 - - L         0       6ef5e0       4051cb            0 CMP      LOAD
3 4051c4 45 -1 44 W - -         3            0       4051cb            0 CMP      SUB_IMM
1 4051cb -1 -1 -1 R T -         7            0       4051cd       4051d4 J        JMP_IMM
1 4051d4  6 -1  0 - - -         0            0       4051d7            0 MOVSX    SEXT_DWORD_TO_QWORD
1 4051d7  0  0  1 - - -         0            0       4051db            0 LEA      LEA
1 4051db  1  7 44 - - L         0  7fffe7cabb8       4051df            0 MOVSX    LOAD
2 4051db 44 -1  2 - - -         0            0       4051df            0 MOVSX    SEXT_DWORD_TO_QWORD
1 4051df  1  7 44 - - L         4  7fffe7cabbc       4051e4            0 MOVSX    LOAD
2 4051df 44 -1  1 - - -         0            0       4051e4            0 MOVSX    SEXT_DWORD_TO_QWORD
1 4051e4  1 -1  6 - - L   7279616       6f156c       4051eb            0 MOV      LOAD
1 4051eb -1 -1 45 - - -   3059086            0       4051f2            0 CMP      SAVE_PC
2 4051eb -1 45 45 - - L         0       6eff80       4051f2            0 CMP      LOAD
3 4051eb 45 -1 44 W - -         1            0       4051f2            0 CMP      SUB_IMM
1 4051f2 -1 -1 -1 R N -      1395            0       4051f8       40576b J        JMP_IMM
1 4051f8  6 -1  6 W - -        -2            0       4051fb            0 ADD      ADD_IMM
1 4051fb  6 -1 44 W - -        10            0       4051fe            0 CMP      SUB_IMM
1 4051fe -1 -1 -1 R N -       906            0       405204       40558e J        JMP_IMM
1 405204  6 -1 44 - - L   4708856       47d9f8       40520b            0 JMP      LOAD
2 405204 44 -1 -1 - T -         0            0       40520b       40521d JMP      JMP_REG
1 40521d -1  1  6 - - -       -11            0       405220            0 LEA      LEA
1 405220  6 -1  0 - - -         0            0       405223            0 MOVSX    SEXT_DWORD_TO_QWORD
1 405223  0 -1 45 - - L   7279616       6f1540       40522b            0 CMP      LOAD
2 405223 45 -1 44 W - -         5            0       40522b            0 CMP      SUB_IMM
1 40522b -1 -1 -1 R T -       841            0       405231       40557a J        JMP_IMM
1 40557a  1 -1  1 W - -       -13            0       40557d            0 ADD      ADD_IMM
1 40557d  1 -1  0 - - -         0            0       405580            0 MOVSX    SEXT_DWORD_TO_QWORD
1 405580  0 -1 45 - - L   7279616       6f1538       405588            0 CMP      LOAD
2 405580 45 -1 44 W - -         5            0       405588            0 CMP      SUB_IMM
1 405588 -1 -1 -1 R N -      -861            0       40558e       405231 J        JMP_IMM
1 40558e  2  2 44 W - -         0            0       405590            0 TEST     AND
1 405590 -1 -1 -1 R N -      -969            0       405596       4051cd J        JMP_IMM
1 405596 -1 -1 44 - - -   3063355            0       40559d            0 MOVSX    SAVE_PC
2 405596 -1 44 44 - - L         0       6f13d8       40559d            0 MOVSX    LOAD
3 405596 44 -1  0 - - -         0            0       40559d            0 MOVSX    SEXT_DWORD_TO_QWORD
1 40559d  0 -1  6 - - L   4710784       47e1f8       4055a4            0 MOV      LOAD
1 4055a4  2 -1 45 - - L   4710784       47e320       4055ab            0 CMP      LOAD
2 4055a4 45  6 44 W - -         0            0       4055ab            0 CMP      SUB
1 4055ab -1 -1 -1 R T -       107            0       4055ad       405618 J        JMP_IMM
1 405618  0 -1  6 - - L   4710208       47dfb8       40561f            0 MOV      LOAD
1 40561f  2 -1 45 - - L   4710208       47e0e0       405626            0 CMP      LOAD
2 40561f 45  6 44 W - -         0            0       405626            0 CMP      SUB
1 405626 -1 -1 -1 R T -        97            0       405628       405689 J        JMP_IMM
1 405689  0 -1  6 - - L   4711360       47e438       405690            0 MOV      LOAD
1 405690  2 -1 45 - - L   4711360       47e560       405697            0 CMP      LOAD
2 405690 45  6 44 W - -         0            0       405697            0 CMP      SUB
1 405697 -1 -1 -1 R T -        93            0       405699       4056f6 J        JMP_IMM
1 4056f6  0 -1  6 - - L   4711936       47e678       4056fd            0 MOV      LOAD
1 4056fd  2 -1 45 - - L   4711936       47e7a0       405704            0 CMP      LOAD
2 4056fd 45  6 44 W - -         0            0       405704            0 CMP      SUB
1 405704 -1 -1 -1 R T -        94            0       405706       405764 J        JMP_IMM
1 405764 -1 -1  0 - - -         0            0       405766            0 XOR      ADD
1 405766  4 -1  4 W - -         8            0       40576a            0 ADD      ADD_IMM
1 40576a -1  4 44 - - L         0  7fffe7c99a8       40576b            0 RET      LOAD
2 40576a  4 -1  4 - - -         8            0       40576b            0 RET      ADD_IMM
3 40576a 44 -1 -1 - T -         0            0       40576b       40bb1f RET      JMP_REG
1 40bb1f  5 -1 44 - - -   7268864            0       40bb26            0 MOV      LEA
2 40bb1f  0 44 -1 - - S         0       6eea24       40bb26            0 MOV      STORE
1 40bb26  0  0 44 W - -         0            0       40bb28            0 TEST     AND
1 40bb28 -1 -1 -1 R T -         5            0       40bb2a       40bb2f J        JMP_IMM
1 40bb2f -1 -1 44 - - -   3029674            0       40bb36            0 MOV      SAVE_PC
2 40bb2f -1 44 14 - - L         0       6ef5e0       40bb36            0 MOV      LOAD
1 40bb36 14 -1 14 W - -        -2            0       40bb3a            0 ADD      ADD_IMM
1 40bb3a 14 -1 44 W - -         2            0       40bb3e            0 CMP      SUB_IMM
1 40bb3e -1 -1 -1 R N -       -22            0       40bb40       40bb2a J        JMP_IMM
1 40bb40 -1  4 45 - - L        56  7fffe7c99e8       40bb45            0 CMP      LOAD
2 40bb40 45 -1 44 W - -         2            0       40bb45            0 CMP      SUB_IMM
1 40bb45 -1 -1 -1 R N -       -29            0       40bb47       40bb2a J        JMP_IMM
1 40bb47 13 -1  1 - - -         0            0       40bb4a            0 MOVSX    SEXT_DWORD_TO_QWORD
1 40bb4a  1  1  1 - - -         0            0       40bb4e            0 LEA      LEA
1 40bb4e  1  4 44 - - L      4188  7fffe7cabbc       40bb56            0 MOVSX    LOAD
2 40bb4e 44 -1  1 - - -         0            0       40bb56            0 MOVSX    SEXT_DWORD_TO_QWORD
1 40bb56  1 -1 14 - - L   7279616       6f156c       40bb5e            0 MOV      LOAD
1 40bb5e 14 -1 44 W - -         1            0       40bb62            0 CMP      SUB_IMM
1 40bb62 -1 -1 -1 R N -        15            0       40bb64       40bb73 J        JMP_IMM
1 40bb64 14 -1 44 W - -         2            0       40bb68            0 CMP      SUB_IMM
1 40bb68 -1 -1 -1 R N -       -64            0       40bb6a       40bb2a J        JMP_IMM
1 40bb6a  1 -1  1 - - L   4710784       47e2ec       40bb71            0 MOV      LOAD
1 40bb71 -1 -1 -1 - T -        18            0       40bb73       40bb85 JMP      JMP_IMM
1 40bb85  1 -1 44 W - -         3            0       40bb88            0 CMP      SUB_IMM
1 40bb88 -1 -1 -1 R T -       -96            0       40bb8a       40bb2a J        JMP_IMM
1 40bb2a -1 -1 14 - - -         0            0       40bb2d            0 XOR      ADD
1 40bb2d -1 -1 -1 - T -        97            0       40bb2f       40bb90 JMP      JMP_IMM
1 40bb90 13 -1  1 - - -         0            0       40bb93            0 MOVSX    SEXT_DWORD_TO_QWORD
1 40bb93  1  1  2 - - -         0            0       40bb97            0 LEA      LEA
1 40bb97  2  4 45 - - L      4184  7fffe7cabb8       40bb9f            0 CMP      LOAD
2 40bb97 45 -1 44 W - -         0            0       40bb9f            0 CMP      SUB
1 40bb9f -1 -1 -1 R T -        59            0       40bba1       40bbdc J        JMP_IMM
1 40bbdc  0  0 44 W - -         0            0       40bbde            0 TEST     AND
1 40bbde -1 -1  0 - - -         0            0       40bbe1            0 SET      ADD
2 40bbde -1 -1  0 R - -         1            0       40bbe1            0 SET      ADD_IMM
1 40bbe1 -1  4 45 - - L        16  7fffe7c99c0       40bbe6            0 CMP      LOAD
2 40bbe1 45 -1 44 W - -         0            0       40bbe6            0 CMP      SUB
1 40bbe6 -1 -1 -1 R T -        91            0       40bbe8       40bc43 J        JMP_IMM
1 40bc43 -1  4  2 - - L        56  7fffe7c99e8       40bc47            0 MOV      LOAD
1 40bc47 14  2  5 - - -        -1            0       40bc4c            0 LEA      LEA
1 40bc4c -1  4 45 - - L        28  7fffe7c99cc       40bc51            0 TEST     LOAD
2 40bc4c 45 -1 44 W - -         1            0       40bc51            0 TEST     AND_IMM
1 40bc51 -1 -1 -1 R N -        29            0       40bc53       40bc70 J        JMP_IMM
1 40bc53 -1 -1 14 - - -         0            0       40bc56            0 XOR      ADD
1 40bc56 -1  4  7 - - L        44  7fffe7c99dc       40bc5a            0 MOV      LOAD
1 40bc5a 12 -1  6 - - -         0            0       40bc5d            0 MOV      ADD
1 40bc5d  5 -1  2 - - -         0            0       40bc5f            0 MOV      ADD
1 40bc5f -1 -1  1 - - -         0            0       40bc61            0 XOR      ADD
1 40bc61 -1 -1 44 - - -         0            0       40bc66            0 CALL     SAVE_PC
2 40bc61  4 -1  4 - - -         8            0       40bc66            0 CALL     SUB_IMM
3 40bc61 44  4 -1 - - S         0  7fffe7c99a8       40bc66            0 CALL     STORE
4 40bc61 -1 -1 -1 - T -     -3430            0       40bc66       40af00 CALL     JMP_IMM
1 40af00  5  4 -1 - - S        -8  7fffe7c99a0       40af01            0 PUSH     STORE
2 40af00  4 -1  4 - - -         8            0       40af01            0 PUSH     SUB_IMM
1 40af01 15  4 -1 - - S        -8  7fffe7c9998       40af03            0 PUSH     STORE
2 40af01  4 -1  4 - - -         8            0       40af03            0 PUSH     SUB_IMM
1 40af03 14  4 -1 - - S        -8  7fffe7c9990       40af05            0 PUSH     STORE
2 40af03  4 -1  4 - - -         8            0       40af05            0 PUSH     SUB_IMM
1 40af05 13  4 -1 - - S        -8  7fffe7c9988       40af07            0 PUSH     STORE
2 40af05  4 -1  4 - - -         8            0       40af07            0 PUSH     SUB_IMM
1 40af07 12  4 -1 - - S        -8  7fffe7c9980       40af09            0 PUSH     STORE
2 40af07  4 -1  4 - - -         8            0       40af09            0 PUSH     SUB_IMM
1 40af09  3  4 -1 - - S        -8  7fffe7c9978       40af0a            0 PUSH     STORE
2 40af09  4 -1  4 - - -         8            0       40af0a            0 PUSH     SUB_IMM
1 40af0a  4 -1  4 W - -     16472            0       40af11            0 SUB      SUB_IMM
1 40af11 -1 -1 44 - - -   3040365            0       40af17            0 MOV      SAVE_PC
2 40af11 -1 44  0 - - L         0       6f1384       40af17            0 MOV      LOAD
1 40af17  0 -1  0 - - -         1            0       40af19            0 INC      ADD_IMM
1 40af19 -1 -1 44 - - -   3040357            0       40af1f            0 MOV      SAVE_PC
2 40af19  0 44 -1 - - S         0       6f1384       40af1f            0 MOV      STORE
1 40af1f  0 -1 44 W - -        -1            0       40af23            0 TEST     AND_IMM
1 40af23  1  4 -1 - - S        28  7fffe7c593c       40af27            0 MOV      STORE
1 40af27  2  4 -1 - - S        56  7fffe7c5958       40af2b            0 MOV      STORE
1 40af2b  6  4 -1 - - S        40  7fffe7c5948       40af2f            0 MOV      STORE
1 40af2f  7  4 -1 - - S         4  7fffe7c5924       40af33            0 MOV      STORE
1 40af33 -1 -1 -1 R T -       177            0       40af39       40afea J        JMP_IMM
1 40afea -1  4 -1 - - S        80  7fffe7c5970       40aff2            0 MOV      STORE
1 40aff2 -1 -1 44 - - -   3032555            0       40aff9            0 MOVSX    SAVE_PC
2 40aff2 -1 44 44 - - L         0       6ef5e4       40aff9            0 MOVSX    LOAD
3 40aff2 44 -1  3 - - -         0            0       40aff9            0 MOVSX    SEXT_DWORD_TO_QWORD
1 40aff9  3 -1 44 - - -   7280768            0       40b000            0 MOV      LEA
2 40aff9  3 44 -1 - - S         0       6f18a4       40b000            0 MOV      STORE
1 40b000 -1 -1 44 - - -         0            0       40b005            0 CALL     SAVE_PC
2 40b000  4 -1  4 - - -         8            0       40b005            0 CALL     SUB_IMM
3 40b000 44  4 -1 - - S         0  7fffe7c5918       40b005            0 CALL     STORE
4 40b000 -1 -1 -1 - T -    -42021            0       40b005       400be0 CALL     JMP_IMM
1 400be0 -1 -1 44 - - -   3081850            0       400be6            0 MOV      SAVE_PC
2 400be0 -1 44  0 - - L         0       6f1260       400be6            0 MOV      LOAD
1 400be6  0 -1 44 W - -         4            0       400be9            0 CMP      SUB_IMM
1 400be9 -1 -1 -1 R T -        72            0       400beb       400c33 J        JMP_IMM
1 400c33  0 -1 44 W - -         5            0       400c36            0 CMP      SUB_IMM
1 400c36 -1 -1 -1 R N -         3            0       400c38       400c3b J        JMP_IMM
1 400c38 -1 -1  0 - - -         0            0       400c3a            0 XOR      ADD
1 400c3a -1  4 44 - - L         0  7fffe7c5918       400c3b            0 RET      LOAD
2 400c3a  4 -1  4 - - -         8            0       400c3b            0 RET      ADD_IMM
3 400c3a 44 -1 -1 - T -         0            0       400c3b       40b005 RET      JMP_REG
1 40b005  0  0 44 W - -         0            0       40b007            0 TEST     AND
1 40b007 -1 -1 -1 R T -        21            0       40b009       40b01e J        JMP_IMM
1 40b01e  3 -1  0 - - L   7268864       6eea24       40b025            0 MOV      LOAD
1 40b025  0  4 -1 - - S        48  7fffe7c5950       40b029            0 MOV      STORE
1 40b029  3 -1 44 - - -   7270080            0       40b034            0 MOV      LEA
2 40b029 -1 44 -1 - - S         0       6eeee4       40b034            0 MOV      STORE
1 40b034  3 -1 44 W - -       299            0       40b03a            0 CMP      SUB_IMM
1 40b03a -1 -1 -1 R N -         4            0       40b03c       40b040 J        JMP_IMM
1 40b03c  0  0 44 W - -         0            0       40b03e            0 TEST     AND
1 40b03e -1 -1 -1 R N -        10            0       40b040       40b04a J        JMP_IMM
1 40b040 -1  4 -1 - - S        44  7fffe7c594c       40b048            0 MOV      STORE
1 40b048 -1 -1 -1 - T -        37            0       40b04a       40b06f JMP      JMP_IMM
1 40b06f -1  4 45 - - L        56  7fffe7c5958       40b074            0 CMP      LOAD
2 40b06f 45 -1 44 W - -         0            0       40b074            0 CMP      SUB
1 40b074 -1 -1 -1 R T -        12            0       40b076       40b082 J        JMP_IMM
1 40b082 -1 -1 44 - - -   3032408            0       40b088            0 MOV      SAVE_PC
2 40b082 -1 44  0 - - L         0       6ef5e0       40b088            0 MOV      LOAD
1 40b088  0 -1 44 W - -         3            0       40b08b            0 CMP      SUB_IMM
1 40b08b -1 -1 -1 R N -        49            0       40b08d       40b0be J        JMP_IMM
1 40b08d  0 -1 44 W - -         4            0       40b090            0 CMP      SUB_IMM
1 40b090 -1 -1 -1 R N -        39            0       40b092       40b0b9 J        JMP_IMM
1 40b092 -1 -1  2 - - -       300            0       40b097            0 MOV      ADD_IMM
1 40b097  2  3  2 W - -         0            0       40b099            0 SUB      SUB
1 40b099 -1 -1 44 - - -         1            0       40b0a0            0 MOV      ADD_IMM
2 40b099 -1 -1 45 - - -   3129664            0       40b0a0            0 MOV      SAVE_PC
3 40b099 44 45 -1 - - S         0       7071e0       40b0a0            0 MOV      STORE
1 40b0a0 -1  4  7 - - L         4  7fffe7c5924       40b0a4            0 MOV      LOAD
1 40b0a4 -1  4  6 - - L        40  7fffe7c5948       40b0a8            0 MOV      LOAD
1 40b0a8 -1 -1 44 - - -         0            0       40b0ad            0 CALL     SAVE_PC
2 40b0a8  4 -1  4 - - -         8            0       40b0ad            0 CALL     SUB_IMM
3 40b0a8 44  4 -1 - - S         0  7fffe7c5918       40b0ad            0 CALL     STORE
4 40b0a8 -1 -1 -1 - T -     -2157            0       40b0ad       40a840 CALL     JMP_IMM
1 40a840  5  4 -1 - - S        -8  7fffe7c5910       40a841            0 PUSH     STORE
2 40a840  4 -1  4 - - -         8            0       40a841            0 PUSH     SUB_IMM
1 40a841 15  4 -1 - - S        -8  7fffe7c5908       40a843            0 PUSH     STORE
2 40a841  4 -1  4 - - -         8            0       40a843            0 PUSH     SUB_IMM
1 40a843 14  4 -1 - - S        -8  7fffe7c5900       40a845            0 PUSH     STORE
2 40a843  4 -1  4 - - -         8            0       40a845            0 PUSH     SUB_IMM
1 40a845 13  4 -1 - - S        -8  7fffe7c58f8       40a847            0 PUSH     STORE
2 40a845  4 -1  4 - - -         8            0       40a847            0 PUSH     SUB_IMM
1 40a847 12  4 -1 - - S        -8  7fffe7c58f0       40a849            0 PUSH     STORE
2 40a847  4 -1  4 - - -         8            0       40a849            0 PUSH     SUB_IMM
1 40a849  3  4 -1 - - S        -8  7fffe7c58e8       40a84a            0 PUSH     STORE
2 40a849  4 -1  4 - - -         8            0       40a84a            0 PUSH     SUB_IMM
1 40a84a  4 -1  4 W - -     16424            0       40a851            0 SUB      SUB_IMM
1 40a851 -1 -1 44 - - -   3034508            0       40a858            0 MOVSX    SAVE_PC
2 40a851 -1 44 44 - - L         0       6ef5e4       40a858            0 MOVSX    LOAD
3 40a851 44 -1  0 - - -         0            0       40a858            0 MOVSX    SEXT_DWORD_TO_QWORD
1 40a858  0 -1 44 - - -   7280768            0       40a85f            0 MOV      LEA
2 40a858  0 44 -1 - - S         0       6f18a4       40a85f            0 MOV      STORE
1 40a85f -1 -1 44 - - -   3042078            0       40a866            0 MOVZX    SAVE_PC
2 40a85f -1 44 44 - - L         0       6f1384       40a866            0 MOVZX    LOAD
3 40a85f 44 -1  0 - - -         0            0       40a866            0 MOVZX    ZEXT_WORD_TO_DWORD
1 40a866  0  0 44 W - -         0            0       40a868            0 TEST     AND
1 40a868  2  4 -1 - - S        36  7fffe7c18e4       40a86c            0 MOV      STORE
1 40a86c  6  4 -1 - - S        20  7fffe7c18d4       40a870            0 MOV      STORE
1 40a870  7  4 -1 - - S        12  7fffe7c18cc       40a874            0 MOV      STORE
1 40a874 -1 -1 -1 R T -       189            0       40a87a       40a937 J        JMP_IMM
1 40a937 -1  4 45 - - L        36  7fffe7c18e4       40a93c            0 CMP      LOAD
2 40a937 45 -1 44 W - -         0            0       40a93c            0 CMP      SUB
1 40a93c -1 -1 -1 R N -        12            0       40a93e       40a94a J        JMP_IMM
1 40a93e -1 -1 45 - - -   3034268            0       40a948            0 CMP      SAVE_PC
2 40a93e -1 45 45 - - L         0       6ef5e4       40a948            0 CMP      LOAD
3 40a93e 45 -1 44 W - -       300            0       40a948            0 CMP      SUB_IMM
1 40a948 -1 -1 -1 R T -        18            0       40a94a       40a95c J        JMP_IMM
1 40a95c -1 -1 44 - - -   3041822            0       40a962            0 INC      SAVE_PC
2 40a95c -1 44 44 - - L         0       6f1380       40a962            0 INC      LOAD
3 40a95c 44 -1 44 - - -         1            0       40a962            0 INC      ADD_IMM
4 40a95c -1 -1 45 - - -   3041822            0       40a962            0 INC      SAVE_PC
5 40a95c 44 45 -1 - - S         0       6f1380       40a962            0 INC      STORE
1 40a962 -1 -1 44 - - -   3041820            0       40a968            0 INC      SAVE_PC
2 40a962 -1 44 44 - - L         0       6f1384       40a968            0 INC      LOAD
3 40a962 44 -1 44 - - -         1            0       40a968            0 INC      ADD_IMM
4 40a962 -1 -1 45 - - -   3041820            0       40a968            0 INC      SAVE_PC
5 40a962 44 45 -1 - - S         0       6f1384       40a968            0 INC      STORE
1 40a968 -1 -1 44 - - -   5322042            0       40a96e            0 INC      SAVE_PC
2 40a968 -1 44 44 - - L         0       91dea8       40a96e            0 INC      LOAD
3 40a968 44 -1 44 - - -         1            0       40a96e            0 INC      ADD_IMM
4 40a968 -1 -1 45 - - -   5322042            0       40a96e            0 INC      SAVE_PC
5 40a968 44 45 -1 - - S         0       91dea8       40a96e            0 INC      STORE
1 40a96e -1 -1  1 - - - 375299969            0       40a973            0 MOV      ADD_IMM
1 40a973 -1 -1 44 - - -   5322023            0       40a979            0 MOV      SAVE_PC
2 40a973 -1 44  6 - - L         0       91dea0       40a979            0 MOV      LOAD
1 40a979  6 -1  0 - - -         0            0       40a97b            0 MOV      ADD
1 40a97b  0  1 44 W - -         0            0       40a97d            0 MUL      MUL
2 40a97b 44 -1  0 - - -         0            0       40a97d            0 MUL      ADD
3 40a97b 44 -1  2 - - -         0            0       40a97d            0 MUL      UPPER_HALF
1 40a97d  2 -1  2 W - -        18            0       40a980            0 SHR      SHR_IMM
1 40a980  2 -1  0 W - -   3000000            0       40a986            0 IMUL     IMUL_T_IMM
1 40a986  6 -1  1 - - -         0            0       40a988            0 MOV      ADD
1 40a988  1  0  1 W - -         0            0       40a98a            0 SUB      SUB
1 40a98a  1 -1  0 - - -         0            0       40a98d            0 MOV      ADD
1 40a98d  0 -1  0 W - -         4            0       40a991            0 SHL      SHL_IMM
1 40a991 -1 -1 44 - - -   5313912            0       40a998            0 MOV      SAVE_PC
2 40a991 -1 44  2 - - L         0       91bf10       40a998            0 MOV      LOAD
1 40a998  0  2 45 - - L         4  2ad8681a144       40a99c            0 CMP      LOAD
2 40a998 45  6 44 W - -         0            0       40a99c            0 CMP      SUB
1 40a99c -1 -1 -1 R T -       115            0       40a99e       40aa11 J        JMP_IMM
1 40aa11 -1 -1 44 - - -        -1            0       40aa19            0 MOV      ADD_IMM
2 40aa11 44  4 -1 - - S        16  7fffe7c18d0       40aa19            0 MOV      STORE
1 40aa19 -1  4  7 - - L        12  7fffe7c18cc       40aa1d            0 MOV      LOAD
1 40aa1d -1  4  3 - - L        20  7fffe7c18d4       40aa21            0 MOV      LOAD
1 40aa21  3 -1  6 - - -         0            0       40aa23            0 MOV      ADD
1 40aa23 -1 -1 44 - - -         0            0       40aa28            0 CALL     SAVE_PC
2 40aa23  4 -1  4 - - -         8            0       40aa28            0 CALL     SUB_IMM
3 40aa23 44  4 -1 - - S         0  7fffe7c18b8       40aa28            0 CALL     STORE
4 40aa23 -1 -1 -1 - T -    -38920            0       40aa28       401220 CALL     JMP_IMM
1 401220  5  4 -1 - - S        -8  7fffe7c18b0       401221            0 PUSH     STORE
2 401220  4 -1  4 - - -         8            0       401221            0 PUSH     SUB_IMM
1 401221 15  4 -1 - - S        -8  7fffe7c18a8       401223            0 PUSH     STORE
2 401221  4 -1  4 - - -         8            0       401223            0 PUSH     SUB_IMM
1 401223 14  4 -1 - - S        -8  7fffe7c18a0       401225            0 PUSH     STORE
2 401223  4 -1  4 - - -         8            0       401225            0 PUSH     SUB_IMM
1 401225 13  4 -1 - - S        -8  7fffe7c1898       401227            0 PUSH     STORE
2 401225  4 -1  4 - - -         8            0       401227            0 PUSH     SUB_IMM
1 401227 12  4 -1 - - S        -8  7fffe7c1890       401229            0 PUSH     STORE
2 401227  4 -1  4 - - -         8            0       401229            0 PUSH     SUB_IMM
1 401229  3  4 -1 - - S        -8  7fffe7c1888       40122a            0 PUSH     STORE
2 401229  4 -1  4 - - -         8            0       40122a            0 PUSH     SUB_IMM
1 40122a  4 -1  4 W - -       248            0       401231            0 SUB      SUB_IMM
1 401231 -1 -1 44 - - -   3072937            0       401237            0 MOV      SAVE_PC
2 401231 -1 44  1 - - L         0       6ef5e0       401237            0 MOV      LOAD
1 401237  1 -1 44 W - -         4            0       40123a            0 CMP      SUB_IMM
1 40123a -1 -1 -1 R N -      3945            0       401240       4021a9 J        JMP_IMM
1 401240  1 -1 44 W - -         3            0       401243            0 CMP      SUB_IMM
1 401243 -1 -1 -1 R N -      3926            0       401249       40219f J        JMP_IMM
1 401249  1 -1 44 W - -         2            0       40124c            0 CMP      SUB_IMM
1 40124c -1 -1 -1 R N -      3937            0       401252       4021b3 J        JMP_IMM
1 401252 -1 -1 44 - - -   2900488            0       401258            0 MOV      SAVE_PC
2 401252 -1 44  1 - - L         0       6c5460       401258            0 MOV      LOAD
1 401258  1 -1  2 - - -         0            0       40125a            0 MOV      ADD
1 40125a -1  2  2 W - -         0            0       40125c            0 NEG      SUB
1 40125c -1 -1 44 - - -   3075357            0       401263            0 MOV      SAVE_PC
2 40125c -1 44  8 - - L         0       6eff80       401263            0 MOV      LOAD
1 401263  8  8 44 W - -         0            0       401266            0 TEST     AND
1 401266  1 -1  2 R - -         0            0       401269            0 CMOV     ADD
1 401269 -1 -1 44 - - -   3066425            0       40126f            0 MOV      SAVE_PC
2 401269 -1 44  1 - - L         0       6edca8       40126f            0 MOV      LOAD
1 40126f  2 -1  0 - - -         0            0       401271            0 MOV      ADD
1 401271  0  1  0 W - -         0            0       401273            0 SUB      SUB
1 401273  0  6 44 W - -         0            0       401275            0 CMP      SUB
1 401275 -1 -1 -1 R N -      6142            0       40127b       402a79 J        JMP_IMM
1 40127b  2  1  2 W - -         0            0       40127d            0 ADD      ADD
1 40127d  2  7 44 W - -         0            0       40127f            0 CMP      SUB
1 40127f -1 -1 -1 R N -         7            0       401281       401288 J        JMP_IMM
1 401281  2 -1  0 - - -         0            0       401283            0 MOV      ADD
1 401283 -1 -1 -1 - T -      6129            0       401288       402a79 JMP      JMP_IMM
1 402a79  4 -1  4 W - -       248            0       402a80            0 ADD      ADD_IMM
1 402a80 -1  4  3 - - L         0  7fffe7c1888       402a81            0 POP      LOAD
2 402a80  4 -1  4 - - -         8            0       402a81            0 POP      ADD_IMM
1 402a81 -1  4 12 - - L         0  7fffe7c1890       402a83            0 POP      LOAD
2 402a81  4 -1  4 - - -         8            0       402a83            0 POP      ADD_IMM
1 402a83 -1  4 13 - - L         0  7fffe7c1898       402a85            0 POP      LOAD
2 402a83  4 -1  4 - - -         8            0       402a85            0 POP      ADD_IMM
1 402a85 -1  4 14 - - L         0  7fffe7c18a0       402a87            0 POP      LOAD
2 402a85  4 -1  4 - - -         8            0       402a87            0 POP      ADD_IMM
1 402a87 -1  4 15 - - L         0  7fffe7c18a8       402a89            0 POP      LOAD
2 402a87  4 -1  4 - - -         8            0       402a89            0 POP      ADD_IMM
1 402a89 -1  4  5 - - L         0  7fffe7c18b0       402a8a            0 POP      LOAD
2 402a89  4 -1  4 - - -         8            0       402a8a            0 POP      ADD_IMM
1 402a8a -1  4 44 - - L         0  7fffe7c18b8       402a8b            0 RET      LOAD
2 402a8a  4 -1  4 - - -         8            0       402a8b            0 RET      ADD_IMM
3 402a8a 44 -1 -1 - T -         0            0       402a8b       40aa28 RET      JMP_REG
1 40aa28  0  3 44 W - -         0            0       40aa2a            0 CMP      SUB
1 40aa2a  0 -1  3 - - -         0            0       40aa2c            0 MOV      ADD
1 40aa2c -1 -1 -1 R T -       166            0       40aa32       40aad8 J        JMP_IMM
1 40aad8 -1  4  7 - - -      4136            0       40aae0            0 LEA      LEA
1 40aae0 -1 -1 44 - - -         0            0       40aae5            0 CALL     SAVE_PC
2 40aae0  4 -1  4 - - -         8            0       40aae5            0 CALL     SUB_IMM
3 40aae0 44  4 -1 - - S         0  7fffe7c18b8       40aae5            0 CALL     STORE
4 40aae0 -1 -1 -1 - T -    -27237            0       40aae5       404080 CALL     JMP_IMM
1 404080  5  4 -1 - - S        -8  7fffe7c18b0       404081            0 PUSH     STORE
2 404080  4 -1  4 - - -         8            0       404081            0 PUSH     SUB_IMM
1 404081 15  4 -1 - - S        -8  7fffe7c18a8       404083            0 PUSH     STORE
2 404081  4 -1  4 - - -         8            0       404083            0 PUSH     SUB_IMM
1 404083 14  4 -1 - - S        -8  7fffe7c18a0       404085            0 PUSH     STORE
2 404083  4 -1  4 - - -         8            0       404085            0 PUSH     SUB_IMM
1 404085 13  4 -1 - - S        -8  7fffe7c1898       404087            0 PUSH     STORE
2 404085  4 -1  4 - - -         8            0       404087            0 PUSH     SUB_IMM
1 404087 12  4 -1 - - S        -8  7fffe7c1890       404089            0 PUSH     STORE
2 404087  4 -1  4 - - -         8            0       404089            0 PUSH     SUB_IMM
1 404089  3  4 -1 - - S        -8  7fffe7c1888       40408a            0 PUSH     STORE
2 404089  4 -1  4 - - -         8            0       40408a            0 PUSH     SUB_IMM
1 40408a  4 -1  4 W - -        24            0       40408e            0 SUB      SUB_IMM
1 40408e -1 -1 44 - - -   2888655            0       404095            0 MOV      SAVE_PC
2 40408e -1 44 -1 - - S         0       6c5464       404095            0 MOV      STORE
1 404095 -1 -1 44 - - -   2888649            0       40409f            0 MOV      SAVE_PC
2 404095 -1 44 -1 - - S         0       6c5468       40409f            0 MOV      STORE
1 40409f -1 -1 44 - - -   2888650            0       4040a6            0 MOV      SAVE_PC
2 40409f  7 44 -1 - - S         0       6c5470       4040a6            0 MOV      STORE
1 4040a6 -1 -1 45 - - -   3061043            0       4040ad            0 CMP      SAVE_PC
2 4040a6 -1 45 45 - - L         0       6ef5e0       4040ad            0 CMP      LOAD
3 4040a6 45 -1 44 W - -         3            0       4040ad            0 CMP      SUB_IMM
1 4040ad -1 -1 -1 R T -        14            0       4040af       4040bd J        JMP_IMM
1 4040bd -1 -1 44 - - -   3068689            0       4040c3            0 MOV      SAVE_PC
2 4040bd -1 44  0 - - L         0       6f13d4       4040c3            0 MOV      LOAD
1 4040c3  0  4 -1 - - S        23  7fffe7c1887       4040c7            0 MOV      STORE
1 4040c7 -1 -1 44 - - -   3068699            0       4040cd            0 MOV      SAVE_PC
2 4040c7 -1 44  3 - - L         0       6f13e8       4040cd            0 MOV      LOAD
1 4040cd -1 -1 44 - - -   3071665            0       4040d3            0 MOV      SAVE_PC
2 4040cd -1 44  0 - - L         0       6f1f84       4040d3            0 MOV      LOAD
1 4040d3  0  4 -1 - - S        16  7fffe7c1880       4040d7            0 MOV      STORE
1 4040d7 -1 -1 44 - - -   3063459            0       4040dd            0 MOV      SAVE_PC
2 4040d7 -1 44  0 - - L         0       6eff80       4040dd            0 MOV      LOAD
1 4040dd  0  4 -1 - - S        12  7fffe7c187c       4040e1            0 MOV      STORE
1 4040e1 -1 -1 14 - - -         1            0       4040e7            0 MOV      ADD_IMM
1 4040e7 -1 -1 -1 - T -        24            0       4040e9       404101 JMP      JMP_IMM
1 404101 -1  4 45 - - L        12  7fffe7c187c       404106            0 CMP      LOAD
2 404101 45 -1 44 W - -         0            0       404106            0 CMP      SUB
1 404106 -1 -1 -1 R N -        17            0       404108       404119 J        JMP_IMM
1 404108 -1 -1 15 - - -         1            0       40410e            0 MOV      ADD_IMM
1 40410e -1 -1 12 - - -   9550820            0       404114            0 MOV      ADD_IMM
1 404114 -1 -1 -1 - T -       590            0       404119       404367 JMP      JMP_IMM
1 404367 -1  4 45 - - L        16  7fffe7c1880       40436c            0 CMP      LOAD
2 404367 15 45 44 W - -         0            0       40436c            0 CMP      SUB
1 40436c -1 -1 -1 R N -      2589            0       404372       404d8f J        JMP_IMM
1 404372 -1 -1 44 - - -   3060328            0       404378            0 MOV      SAVE_PC
2 404372 -1 44  0 - - L         0       6ef5e0       404378            0 MOV      LOAD
1 404378  0 -1 44 W - -         3            0       40437b            0 CMP      SUB_IMM
1 40437b -1 -1 -1 R N -        20            0       40437d       404391 J        JMP_IMM
1 40437d -1 -1 44 - - -   2887905            0       404383            0 MOV      SAVE_PC
2 40437d -1 44  1 - - L         0       6c5464       404383            0 MOV      LOAD
1 404383  1 -1 44 W - -         1            0       404386            0 CMP      SUB_IMM
1 404386 -1 -1 -1 R T -        29            0       404388       4043a5 J        JMP_IMM
1 4043a5 -1 12 44 - - L         0       91bbe4       4043a9            0 MOVSX    LOAD
2 4043a5 44 -1 13 - - -         0            0       4043a9            0 MOVSX    SEXT_DWORD_TO_QWORD
1 4043a9 13 13 44 W - -         0            0       4043ac            0 TEST     AND
1 4043ac -1 -1 -1 R N -       -75            0       4043ae       404363 J        JMP_IMM
1 4043ae 13 -1  5 - - -         0            0       4043b1            0 MOV      ADD
1 4043b1 -1 -1 44 - - -   2887877            0       4043b7            0 MOV      SAVE_PC
2 4043b1  5 44 -1 - - S         0       6c547c       4043b7            0 MOV      STORE
1 4043b7 15 -1 15 - - -         1            0       4043ba            0 INC      ADD_IMM
1 4043ba 13 -1  1 - - L   7279616       6f1470       4043c2            0 MOV      LOAD
1 4043c2  1 -1  1 - - -         1            0       4043c4            0 DEC      SUB_IMM
1 4043c4  1 -1 44 W - -        10            0       4043c7            0 CMP      SUB_IMM
1 4043c7 -1 -1 -1 R N -      -102            0       4043c9       404363 J        JMP_IMM
1 4043c9  1 -1 44 - - L   4708680       47d978       4043d0            0 JMP      LOAD
2 4043c9 44 -1 -1 - T -         0            0       4043d0       404647 JMP      JMP_REG
1 404647 -1  5  7 - - -       -12            0       40464a            0 LEA      LEA
1 40464a  7 -1  0 - - -         0            0       40464d            0 MOVSX    SEXT_DWORD_TO_QWORD
1 40464d  0 -1 45 - - L   7279616       6f1440       404655            0 CMP      LOAD
2 40464d 45 -1 44 W - -         0            0       404655            0 CMP      SUB
1 404655 -1 -1 -1 R T -         5            0       404657       40465c J        JMP_IMM
1 40465c -1  5  7 - - -        -1            0       40465f            0 LEA      LEA
1 40465f  7 -1  0 - - -         0            0       404662            0 MOVSX    SEXT_DWORD_TO_QWORD
1 404662  0 -1 45 - - L   7279616       6f146c       40466a            0 CMP      LOAD
2 404662 45 -1 44 W - -         0            0       40466a            0 CMP      SUB
1 40466a -1 -1 -1 R N -         5            0       40466c       404671 J        JMP_IMM
1 40466c -1 -1 44 - - -         0            0       404671            0 CALL     SAVE_PC
2 40466c  4 -1  4 - - -         8            0       404671            0 CALL     SUB_IMM
3 40466c 44  4 -1 - - S         0  7fffe7c1868       404671            0 CALL     STORE
4 40466c -1 -1 -1 - T -     11487            0       404671       407350 CALL     JMP_IMM
1 407350 14  4 -1 - - S        -8  7fffe7c1860       407352            0 PUSH     STORE
2 407350  4 -1  4 - - -         8            0       407352            0 PUSH     SUB_IMM
1 407352  3  4 -1 - - S        -8  7fffe7c1858       407353            0 PUSH     STORE
2 407352  4 -1  4 - - -         8            0       407353            0 PUSH     SUB_IMM
1 407353  7 -1  0 - - -         0            0       407356            0 MOVSX    SEXT_DWORD_TO_QWORD
1 407356  0  0  1 - - -         0            0       407359            0 LEA      LEA
1 407359 -1 -1 44 - - -   2875676            0       407360            0 MOVSX    SAVE_PC
2 407359 -1 44 44 - - L         0       6c547c       407360            0 MOVSX    LOAD
3 407359 44 -1  2 - - -         0            0       407360            0 MOVSX    SEXT_DWORD_TO_QWORD
1 407360  0 -1  6 - - -         0            0       407362            0 MOV      ADD
1 407362  6  2  6 W - -         0            0       407364            0 SUB      SUB
1 407364  6 -1  6 - - -         0            0       407367            0 MOVSX    SEXT_DWORD_TO_QWORD
1 407367  1  2  1 W - -         0            0       407369            0 SUB      SUB
1 407369  1 -1  1 - - -         0            0       40736c            0 MOVSX    SEXT_DWORD_TO_QWORD
1 40736c  1 -1  1 - - -   7279616            0       407374            0 LEA      LEA
1 407374  2 -1  7 - - L   7279616       6f1470       40737b            0 MOV      LOAD
1 40737b  0 -1  8 - - -   7279616            0       407383            0 LEA      LEA
1 407383 -1 -1  9 - - -         0            0       407386            0 XOR      ADD
1 407386 -1 -1 44 - - -   2875611            0       40738d            0 MOV      SAVE_PC
2 407386 -1 44 10 - - L         0       6c5468       40738d            0 MOV      LOAD
1 40738d -1 -1 44 - - -   2875612            0       407394            0 MOV      SAVE_PC
2 40738d -1 44 11 - - L         0       6c5470       407394            0 MOV      LOAD
1 407394 -1 -1 44 - - -   3145286            0       40739a            0 MOV      SAVE_PC
2 407394 -1 44  3 - - L         0       7071e0       40739a            0 MOV      LOAD
1 40739a -1 -1 -1 - T -        84            0       40739c       4073f0 JMP      JMP_IMM
1 4073f0  9  8 14 - - L         0       6f146c       4073f4            0 MOV      LOAD
1 4073f4 14 -1 44 W - -        13            0       4073f8            0 CMP      SUB_IMM
1 4073f8 -1 -1 -1 R T -       -90            0       4073fa       4073a0 J        JMP_IMM
1 4073a0  3 -1 44 W - -         1            0       4073a3            0 TEST     AND_IMM
1 4073a3 -1 -1 -1 R T -        55            0       4073a5       4073dc J        JMP_IMM
1 4073dc  0  6  0 W - -         0            0       4073de            0 ADD      ADD
1 4073de  6  9 14 - - -         0            0       4073e2            0 LEA      LEA
1 4073e2  9  1 45 - - L         0       6f1468       4073e7            0 CMP      LOAD
2 4073e2 45 -1 44 W - -         0            0       4073e7            0 CMP      SUB
1 4073e7 -1 -1 -1 R N -       234            0       4073ed       4074d7 J        JMP_IMM
1 4073ed 14 -1  9 - - -         0            0       4073f0            0 MOV      ADD
1 4073f0  9  8 14 - - L         0       6f1468       4073f4            0 MOV      LOAD
1 4073f4 14 -1 44 W - -        13            0       4073f8            0 CMP      SUB_IMM
1 4073f8 -1 -1 -1 R T -       -90            0       4073fa       4073a0 J        JMP_IMM
1 4073a0  3 -1 44 W - -         1            0       4073a3            0 TEST     AND_IMM
1 4073a3 -1 -1 -1 R T -        55            0       4073a5       4073dc J        JMP_IMM
1 4073dc  0  6  0 W - -         0            0       4073de            0 ADD      ADD
1 4073de  6  9 14 - - -         0            0       4073e2            0 LEA      LEA
1 4073e2  9  1 45 - - L         0       6f1464       4073e7            0 CMP      LOAD
2 4073e2 45 -1 44 W - -         0            0       4073e7            0 CMP      SUB
1 4073e7 -1 -1 -1 R T -       234            0       4073ed       4074d7 J        JMP_IMM
1 4074d7 -1 -1 44 - - -   2875274            0       4074de            0 MOV      SAVE_PC
2 4074d7 10 44 -1 - - S         0       6c5468       4074de            0 MOV      STORE
1 4074de -1 -1 -1 - T -       -13            0       4074e0       4074d3 JMP      JMP_IMM
1 4074d3 -1  4  3 - - L         0  7fffe7c1858       4074d4            0 POP      LOAD
2 4074d3  4 -1  4 - - -         8            0       4074d4            0 POP      ADD_IMM
1 4074d4 -1  4 14 - - L         0  7fffe7c1860       4074d6            0 POP      LOAD
2 4074d4  4 -1  4 - - -         8            0       4074d6            0 POP      ADD_IMM
1 4074d6 -1  4 44 - - L         0  7fffe7c1868       4074d7            0 RET      LOAD
2 4074d6  4 -1  4 - - -         8            0       4074d7            0 RET      ADD_IMM
3 4074d6 44 -1 -1 - T -         0            0       4074d7       404671 RET      JMP_REG
1 404671 -1  5  7 - - -         1            0       404674            0 LEA      LEA
1 404674  7 -1  0 - - -         0            0       404677            0 MOVSX    SEXT_DWORD_TO_QWORD
1 404677  0 -1 45 - - L   7279616       6f1474       40467f            0 CMP      LOAD
2 404677 45 -1 44 W - -         0            0       40467f            0 CMP      SUB
1 40467f -1 -1 -1 R N -         5            0       404681       404686 J        JMP_IMM
1 404681 -1 -1 44 - - -         0            0       404686            0 CALL     SAVE_PC
2 404681  4 -1  4 - - -         8            0       404686            0 CALL     SUB_IMM
3 404681 44  4 -1 - - S         0  7fffe7c1868       404686            0 CALL     STORE
4 404681 -1 -1 -1 - T -     11466            0       404686       407350 CALL     JMP_IMM
1 407350 14  4 -1 - - S        -8  7fffe7c1860       407352            0 PUSH     STORE
2 407350  4 -1  4 - - -         8            0       407352            0 PUSH     SUB_IMM
1 407352  3  4 -1 - - S        -8  7fffe7c1858       407353            0 PUSH     STORE
2 407352  4 -1  4 - - -         8            0       407353            0 PUSH     SUB_IMM
1 407353  7 -1  0 - - -         0            0       407356            0 MOVSX    SEXT_DWORD_TO_QWORD
1 407356  0  0  1 - - -         0            0       407359            0 LEA      LEA
1 407359 -1 -1 44 - - -   2875676            0       407360            0 MOVSX    SAVE_PC
2 407359 -1 44 44 - - L         0       6c547c       407360            0 MOVSX    LOAD
3 407359 44 -1  2 - - -         0            0       407360            0 MOVSX    SEXT_DWORD_TO_QWORD
1 407360  0 -1  6 - - -         0            0       407362            0 MOV      ADD
1 407362  6  2  6 W - -         0            0       407364            0 SUB      SUB
1 407364  6 -1  6 - - -         0            0       407367            0 MOVSX    SEXT_DWORD_TO_QWORD
1 407367  1  2  1 W - -         0            0       407369            0 SUB      SUB
1 407369  1 -1  1 - - -         0            0       40736c            0 MOVSX    SEXT_DWORD_TO_QWORD
1 40736c  1 -1  1 - - -   7279616            0       407374            0 LEA      LEA
1 407374  2 -1  7 - - L   7279616       6f1470       40737b            0 MOV      LOAD
1 40737b  0 -1  8 - - -   7279616            0       407383            0 LEA      LEA
1 407383 -1 -1  9 - - -         0            0       407386            0 XOR      ADD
1 407386 -1 -1 44 - - -   2875611            0       40738d            0 MOV      SAVE_PC
2 407386 -1 44 10 - - L         0       6c5468       40738d            0 MOV      LOAD
1 40738d -1 -1 44 - - -   2875612            0       407394            0 MOV      SAVE_PC
2 40738d -1 44 11 - - L         0       6c5470       407394            0 MOV      LOAD
1 407394 -1 -1 44 - - -   3145286            0       40739a            0 MOV      SAVE_PC
2 407394 -1 44  3 - - L         0       7071e0       40739a            0 MOV      LOAD
1 40739a -1 -1 -1 - T -        84            0       40739c       4073f0 JMP      JMP_IMM
1 4073f0  9  8 14 - - L         0       6f1474       4073f4            0 MOV      LOAD
1 4073f4 14 -1 44 W - -        13            0       4073f8            0 CMP      SUB_IMM
1 4073f8 -1 -1 -1 R T -       -90            0       4073fa       4073a0 J        JMP_IMM
1 4073a0  3 -1 44 W - -         1            0       4073a3            0 TEST     AND_IMM
1 4073a3 -1 -1 -1 R T -        55            0       4073a5       4073dc J        JMP_IMM
1 4073dc  0  6  0 W - -         0            0       4073de            0 ADD      ADD
1 4073de  6  9 14 - - -         0            0       4073e2            0 LEA      LEA
1 4073e2  9  1 45 - - L         0       6f1478       4073e7            0 CMP      LOAD
2 4073e2 45 -1 44 W - -         0            0       4073e7            0 CMP      SUB
1 4073e7 -1 -1 -1 R N -       234            0       4073ed       4074d7 J        JMP_IMM
1 4073ed 14 -1  9 - - -         0            0       4073f0            0 MOV      ADD
1 4073f0  9  8 14 - - L         0       6f1478       4073f4            0 MOV      LOAD
1 4073f4 14 -1 44 W - -        13            0       4073f8            0 CMP      SUB_IMM
1 4073f8 -1 -1 -1 R N -       -90            0       4073fa       4073a0 J        JMP_IMM
1 4073fa -1 -1 44 - - -   2875495            0       407401            0 MOV      SAVE_PC
2 4073fa 10 44 -1 - - S         0       6c5468       407401            0 MOV      STORE
1 407401  7 14  7 W - -         0            0       407404            0 XOR      XOR
1 407404  7 -1 44 W - -         1            0       407408            0 TEST     AND_IMM
1 407408 -1 -1 -1 R T -       197            0       40740e       4074d3 J        JMP_IMM
1 4074d3 -1  4  3 - - L         0  7fffe7c1858       4074d4            0 POP      LOAD
2 4074d3  4 -1  4 - - -         8            0       4074d4            0 POP      ADD_IMM
1 4074d4 -1  4 14 - - L         0  7fffe7c1860       4074d6            0 POP      LOAD
2 4074d4  4 -1  4 - - -         8            0       4074d6            0 POP      ADD_IMM
1 4074d6 -1  4 44 - - L         0  7fffe7c1868       4074d7            0 RET      LOAD
2 4074d6  4 -1  4 - - -         8            0       4074d7            0 RET      ADD_IMM
3 4074d6 44 -1 -1 - T -         0            0       4074d7       404686 RET      JMP_REG
1 404686 -1  5  7 - - -        12            0       404689            0 LEA      LEA
1 404689  7 -1  0 - - -         0            0       40468c            0 MOVSX    SEXT_DWORD_TO_QWORD
1 40468c  0 -1 45 - - L   7279616       6f14a0       404694            0 CMP      LOAD
2 40468c 45 -1 44 W - -         0            0       404694            0 CMP      SUB
1 404694 -1 -1 -1 R N -      -823            0       40469a       404363 J        JMP_IMM
1 40469a -1 -1 44 - - -         0            0       40469f            0 CALL     SAVE_PC
2 40469a  4 -1  4 - - -         8            0       40469f            0 CALL     SUB_IMM
3 40469a 44  4 -1 - - S         0  7fffe7c1868       40469f            0 CALL     STORE
4 40469a -1 -1 -1 - T -     11441            0       40469f       407350 CALL     JMP_IMM
1 407350 14  4 -1 - - S        -8  7fffe7c1860       407352            0 PUSH     STORE
2 407350  4 -1  4 - - -         8            0       407352            0 PUSH     SUB_IMM
1 407352  3  4 -1 - - S        -8  7fffe7c1858       407353            0 PUSH     STORE
2 407352  4 -1  4 - - -         8            0       407353            0 PUSH     SUB_IMM
1 407353  7 -1  0 - - -         0            0       407356            0 MOVSX    SEXT_DWORD_TO_QWORD
1 407356  0  0  1 - - -         0            0       407359            0 LEA      LEA
1 407359 -1 -1 44 - - -   2875676            0       407360            0 MOVSX    SAVE_PC
2 407359 -1 44 44 - - L         0       6c547c       407360            0 MOVSX    LOAD
3 407359 44 -1  2 - - -         0            0       407360            0 MOVSX    SEXT_DWORD_TO_QWORD
1 407360  0 -1  6 - - -         0            0       407362            0 MOV      ADD
1 407362  6  2  6 W - -         0            0       407364            0 SUB      SUB
1 407364  6 -1  6 - - -         0            0       407367            0 MOVSX    SEXT_DWORD_TO_QWORD
1 407367  1  2  1 W - -         0            0       407369            0 SUB      SUB
1 407369  1 -1  1 - - -         0            0       40736c            0 MOVSX    SEXT_DWORD_TO_QWORD
1 40736c  1 -1  1 - - -   7279616            0       407374            0 LEA      LEA
1 407374  2 -1  7 - - L   7279616       6f1470       40737b            0 MOV      LOAD
1 40737b  0 -1  8 - - -   7279616            0       407383            0 LEA      LEA
1 407383 -1 -1  9 - - -         0            0       407386            0 XOR      ADD
1 407386 -1 -1 44 - - -   2875611            0       40738d            0 MOV      SAVE_PC
2 407386 -1 44 10 - - L         0       6c5468       40738d            0 MOV      LOAD
1 40738d -1 -1 44 - - -   2875612            0       407394            0 MOV      SAVE_PC
2 40738d -1 44 11 - - L         0       6c5470       407394            0 MOV      LOAD
1 407394 -1 -1 44 - - -   3145286            0       40739a            0 MOV      SAVE_PC
2 407394 -1 44  3 - - L         0       7071e0       40739a            0 MOV      LOAD
1 40739a -1 -1 -1 - T -        84            0       40739c       4073f0 JMP      JMP_IMM
1 4073f0  9  8 14 - - L         0       6f14a0       4073f4            0 MOV      LOAD
1 4073f4 14 -1 44 W - -        13            0       4073f8            0 CMP      SUB_IMM
1 4073f8 -1 -1 -1 R N -       -90            0       4073fa       4073a0 J        JMP_IMM
1 4073fa -1 -1 44 - - -   2875495            0       407401            0 MOV      SAVE_PC
2 4073fa 10 44 -1 - - S         0       6c5468       407401            0 MOV      STORE
1 407401  7 14  7 W - -         0            0       407404            0 XOR      XOR
1 407404  7 -1 44 W - -         1            0       407408            0 TEST     AND_IMM
1 407408 -1 -1 -1 R N -       197            0       40740e       4074d3 J        JMP_IMM
1 40740e -1 -1 45 - - -   3047883            0       407415            0 CMP      SAVE_PC
2 40740e -1 45 45 - - L         0       6ef5e0       407415            0 CMP      LOAD
3 40740e 45 -1 44 W - -         3            0       407415            0 CMP      SUB_IMM
1 407415 -1 -1 -1 R N -        27            0       407417       407432 J        JMP_IMM
1 407417 14 -1 44 W - -        13            0       40741b            0 CMP      SUB_IMM
1 40741b -1 -1 -1 R N -        28            0       40741d       407439 J        JMP_IMM
1 40741d -1 14  1 - - -        -5            0       407421            0 LEA      LEA
1 407421  1 -1 44 W - -         1            0       407424            0 CMP      SUB_IMM
1 407424 -1 -1 -1 R T -        12            0       407426       407432 J        JMP_IMM
1 407432 -1 -1 44 - - -         1            0       407439            0 MOV      ADD_IMM
2 407432 -1 -1 45 - - -   2875455            0       407439            0 MOV      SAVE_PC
3 407432 44 45 -1 - - S         0       6c5478       407439            0 MOV      STORE
1 407439 10 -1  1 - - -         0            0       40743c            0 MOVSX    SEXT_DWORD_TO_QWORD
1 40743c  1  1  1 - - -         0            0       407440            0 LEA      LEA
1 407440 -1 -1 44 - - -   2875445            0       407447            0 MOV      SAVE_PC
2 407440 -1 44 10 - - L         0       6c547c       407447            0 MOV      LOAD
1 407447 -1 -1 44 - - -   2875426            0       40744e            0 MOV      SAVE_PC
2 407447 -1 44  2 - - L         0       6c5470       40744e            0 MOV      LOAD
1 40744e  1  2 44 - - -         0            0       407452            0 MOV      LEA
2 40744e 10 44 -1 - - S         0  7fffe7c28e8       407452            0 MOV      STORE
1 407452 -1 -1 44 - - -   2875407            0       407459            0 MOVSX    SAVE_PC
2 407452 -1 44 44 - - L         0       6c5468       407459            0 MOVSX    LOAD
3 407452 44 -1  1 - - -         0            0       407459            0 MOVSX    SEXT_DWORD_TO_QWORD
1 407459  1  1  1 - - -         0            0       40745d            0 LEA      LEA
1 40745d -1 -1 44 - - -   2875404            0       407464            0 MOV      SAVE_PC
2 40745d -1 44  2 - - L         0       6c5470       407464            0 MOV      LOAD
1 407464  1  2 44 - - -         4            0       407468            0 MOV      LEA
2 407464  0 44 -1 - - S         0  7fffe7c28ec       407468            0 MOV      STORE
1 407468 -1 -1 44 - - -   2875385            0       40746f            0 MOVSX    SAVE_PC
2 407468 -1 44 44 - - L         0       6c5468       40746f            0 MOVSX    LOAD
3 407468 44 -1  0 - - -         0            0       40746f            0 MOVSX    SEXT_DWORD_TO_QWORD
1 40746f  0  0  0 - - -         0            0       407473            0 LEA      LEA
1 407473 -1 -1 44 - - -   2875382            0       40747a            0 MOV      SAVE_PC
2 407473 -1 44  1 - - L         0       6c5470       40747a            0 MOV      LOAD
1 40747a  0  1 44 - - -         8            0       40747f            0 MOV      LEA
2 40747a 14 44 -1 - - S         0  7fffe7c28f0       40747f            0 MOV      STORE
1 40747f -1 -1 44 - - -   2875362            0       407486            0 MOVSX    SAVE_PC
2 40747f -1 44 44 - - L         0       6c5468       407486            0 MOVSX    LOAD
3 40747f 44 -1  0 - - -         0            0       407486            0 MOVSX    SEXT_DWORD_TO_QWORD
1 407486  0  0  0 - - -         0            0       40748a            0 LEA      LEA
1 40748a -1 -1 44 - - -   2875359            0       407491            0 MOV      SAVE_PC
2 40748a -1 44  1 - - L         0       6c5470       407491            0 MOV      LOAD
1 407491  0  1 44 - - -        16            0       407499            0 MOV      LEA
2 407491 -1 44 -1 - - S         0  7fffe7c28f8       407499            0 MOV      STORE
1 407499 -1 -1 44 - - -   2875336            0       4074a0            0 MOVSX    SAVE_PC
2 407499 -1 44 44 - - L         0       6c5468       4074a0            0 MOVSX    LOAD
3 407499 44 -1  0 - - -         0            0       4074a0            0 MOVSX    SEXT_DWORD_TO_QWORD
1 4074a0  0  0  0 - - -         0            0       4074a4            0 LEA      LEA
1 4074a4 -1 -1 44 - - -   2875333            0       4074ab            0 MOV      SAVE_PC
2 4074a4 -1 44  1 - - L         0       6c5470       4074ab            0 MOV      LOAD
1 4074ab  0  1 44 - - -        12            0       4074b3            0 MOV      LEA
2 4074ab -1 44 -1 - - S         0  7fffe7c28f4       4074b3            0 MOV      STORE
1 4074b3 -1 -1 44 - - -   2875310            0       4074ba            0 MOVSX    SAVE_PC
2 4074b3 -1 44 44 - - L         0       6c5468       4074ba            0 MOVSX    LOAD
3 4074b3 44 -1  0 - - -         0            0       4074ba            0 MOVSX    SEXT_DWORD_TO_QWORD
1 4074ba  0  0  0 - - -         0            0       4074be            0 LEA      LEA
1 4074be -1 -1 44 - - -   2875307            0       4074c5            0 MOV      SAVE_PC
2 4074be -1 44  1 - - L         0       6c5470       4074c5            0 MOV      LOAD
1 4074c5  0  1 44 - - -        20            0       4074cd            0 MOV      LEA
2 4074c5 -1 44 -1 - - S         0  7fffe7c28fc       4074cd            0 MOV      STORE
1 4074cd -1 -1 44 - - -   2875285            0       4074d3            0 INC      SAVE_PC
2 4074cd -1 44 44 - - L         0       6c5468       4074d3            0 INC      LOAD
3 4074cd 44 -1 44 - - -         1            0       4074d3            0 INC      ADD_IMM
4 4074cd -1 -1 45 - - -   2875285            0       4074d3            0 INC      SAVE_PC
5 4074cd 44 45 -1 - - S         0       6c5468       4074d3            0 INC      STORE
1 4074d3 -1  4  3 - - L         0  7fffe7c1858       4074d4            0 POP      LOAD
2 4074d3  4 -1  4 - - -         8            0       4074d4            0 POP      ADD_IMM
1 4074d4 -1  4 14 - - L         0  7fffe7c1860       4074d6            0 POP      LOAD
2 4074d4  4 -1  4 - - -         8            0       4074d6            0 POP      ADD_IMM
1 4074d6 -1  4 44 - - L         0  7fffe7c1868       4074d7            0 RET      LOAD
2 4074d6  4 -1  4 - - -         8            0       4074d7            0 RET      ADD_IMM
3 4074d6 44 -1 -1 - T -         0            0       4074d7       40469f RET      JMP_REG
1 40469f -1 -1 -1 - T -      -833            0       4046a4       404363 JMP      JMP_IMM
1 404363 12 -1 12 W - -         4            0       404367            0 ADD      ADD_IMM
1 404367 -1  4 45 - - L        16  7fffe7c1880       40436c            0 CMP      LOAD
2 404367 15 45 44 W - -         0            0       40436c            0 CMP      SUB
1 40436c -1 -1 -1 R N -      2589            0       404372       404d8f J        JMP_IMM
1 404372 -1 -1 44 - - -   3060328            0       404378            0 MOV      SAVE_PC
2 404372 -1 44  0 - - L         0       6ef5e0       404378            0 MOV      LOAD
1 404378  0 -1 44 W - -         3            0       40437b            0 CMP      SUB_IMM
1 40437b -1 -1 -1 R N -        20            0       40437d       404391 J        JMP_IMM
1 40437d -1 -1 44 - - -   2887905            0       404383            0 MOV      SAVE_PC
2 40437d -1 44  1 - - L         0       6c5464       404383            0 MOV      LOAD
1 404383  1 -1 44 W - -         1            0       404386            0 CMP      SUB_IMM
1 404386 -1 -1 -1 R T -        29            0       404388       4043a5 J        JMP_IMM
1 4043a5 -1 12 44 - - L         0       91bbe8       4043a9            0 MOVSX    LOAD
2 4043a5 44 -1 13 - - -         0            0       4043a9            0 MOVSX    SEXT_DWORD_TO_QWORD
1 4043a9 13 13 44 W - -         0            0       4043ac            0 TEST     AND
1 4043ac -1 -1 -1 R N -       -75            0       4043ae       404363 J        JMP_IMM
1 4043ae 13 -1  5 - - -         0            0       4043b1            0 MOV      ADD
1 4043b1 -1 -1 44 - - -   2887877            0       4043b7            0 MOV      SAVE_PC
2 4043b1  5 44 -1 - - S         0       6c547c       4043b7            0 MOV      STORE
1 4043b7 15 -1 15 - - -         1            0       4043ba            0 INC      ADD_IMM
1 4043ba 13 -1  1 - - L   7279616       6f1478       4043c2            0 MOV      LOAD
